Using pre-set license
Built from '2020.3/staging' branch; Version is '2020.3.8f1 (507919d4fff5) revision 5273881'; Using compiler version '192528614'; Build Type 'Release'
OS: 'Windows 10 Home; OS build 19041.1110; Version 2004; 64bit' Language: 'en' Physical Memory: 24519 MB
BatchMode: 1, IsHumanControllingUs: 0, StartBugReporterOnCrash: 0, Is64bit: 1, IsPro: 0

 COMMAND LINE ARGUMENTS:
C:\Program Files\Unity\Hub\Editor\2020.3.8f1\Editor\Unity.exe
-adb2
-batchMode
-noUpm
-name
AssetImportWorker0
-projectPath
C:/Users/Alex/Documents/GitHub/LSW-Programming-Interview/LSW Programming Project
-logFile
Logs/AssetImportWorker0.log
-srvPort
63188
Successfully changed project path to: C:/Users/Alex/Documents/GitHub/LSW-Programming-Interview/LSW Programming Project
C:/Users/Alex/Documents/GitHub/LSW-Programming-Interview/LSW Programming Project
Using Asset Import Pipeline V2.
Refreshing native plugins compatible for Editor in 68.86 ms, found 1 plugins.
Preloading 0 native plugins for Editor in 0.00 ms.
Initialize engine version: 2020.3.8f1 (507919d4fff5)
[Subsystems] Discovering subsystems at path C:/Program Files/Unity/Hub/Editor/2020.3.8f1/Editor/Data/Resources/UnitySubsystems
[Subsystems] Discovering subsystems at path C:/Users/Alex/Documents/GitHub/LSW-Programming-Interview/LSW Programming Project/Assets
GfxDevice: creating device client; threaded=0
Direct3D:
    Version:  Direct3D 11.0 [level 11.0]
    Renderer: NVIDIA GeForce GTX 750 Ti (ID=0x1380)
    Vendor:   
    VRAM:     2007 MB
    Driver:   27.21.14.5671
Initialize mono
Mono path[0] = 'C:/Program Files/Unity/Hub/Editor/2020.3.8f1/Editor/Data/Managed'
Mono path[1] = 'C:/Program Files/Unity/Hub/Editor/2020.3.8f1/Editor/Data/MonoBleedingEdge/lib/mono/unityjit'
Mono config path = 'C:/Program Files/Unity/Hub/Editor/2020.3.8f1/Editor/Data/MonoBleedingEdge/etc'
Using monoOptions --debugger-agent=transport=dt_socket,embedding=1,server=y,suspend=n,address=127.0.0.1:56688
Begin MonoManager ReloadAssembly
Registering precompiled unity dll's ...
Register platform support module: C:/Program Files/Unity/Hub/Editor/2020.3.8f1/Editor/Data/PlaybackEngines/WebGLSupport/UnityEditor.WebGL.Extensions.dll
Register platform support module: C:/Program Files/Unity/Hub/Editor/2020.3.8f1/Editor/Data/PlaybackEngines/MacStandaloneSupport/UnityEditor.OSXStandalone.Extensions.dll
Register platform support module: C:/Program Files/Unity/Hub/Editor/2020.3.8f1/Editor/Data/PlaybackEngines/WindowsStandaloneSupport/UnityEditor.WindowsStandalone.Extensions.dll
Registered in 0.005623 seconds.
Native extension for WindowsStandalone target not found
Native extension for OSXStandalone target not found
Native extension for WebGL target not found
Refreshing native plugins compatible for Editor in 66.62 ms, found 1 plugins.
Preloading 0 native plugins for Editor in 0.00 ms.
Mono: successfully reloaded assembly
- Completed reload, in  3.042 seconds
Platform modules already initialized, skipping
Registering precompiled user dll's ...
Registered in 0.001718 seconds.
Begin MonoManager ReloadAssembly
Native extension for WindowsStandalone target not found
Native extension for OSXStandalone target not found
Native extension for WebGL target not found
Refreshing native plugins compatible for Editor in 67.25 ms, found 1 plugins.
Preloading 0 native plugins for Editor in 0.00 ms.
Mono: successfully reloaded assembly
- Completed reload, in  1.305 seconds
Platform modules already initialized, skipping
========================================================================
Worker process is ready to serve import requests
Launched and connected shader compiler UnityShaderCompiler.exe after 0.10 seconds
Refreshing native plugins compatible for Editor in 0.78 ms, found 1 plugins.
Preloading 0 native plugins for Editor in 0.00 ms.
Unloading 1827 Unused Serialized files (Serialized files now loaded: 0)
System memory in use before: 90.4 MB.
System memory in use after: 90.4 MB.

Unloading 24 unused Assets to reduce memory usage. Loaded Objects now: 2271.
Total: 2.367100 ms (FindLiveObjects: 0.199600 ms CreateObjectMapping: 0.080300 ms MarkObjects: 1.928200 ms  DeleteObjects: 0.157400 ms)

========================================================================
Received Import Request.
  path: Assets/Art/Outside Environment/Spritesheet/roguelikeCity_magenta.png
  artifactKey: Guid(ccb94b954fa6a154ebf59cee1cef2c5e) Importer(815301076,1909f56bfc062723c751e8b465ee728b)
Start importing Assets/Art/Outside Environment/Spritesheet/roguelikeCity_magenta.png using Guid(ccb94b954fa6a154ebf59cee1cef2c5e) Importer(815301076,1909f56bfc062723c751e8b465ee728b)  -> (artifact id: 'd4f48a7f70d15158cbdb2b32f24c7aae') in 1.790808 seconds
  Import took 1.801828 seconds .

========================================================================
Received Import Request.
  Time since last request: 85.545263 seconds.
  path: Assets/Other Outside Environment
  artifactKey: Guid(6133645345275604f8860ded0be23a56) Importer(815301076,1909f56bfc062723c751e8b465ee728b)
Start importing Assets/Other Outside Environment using Guid(6133645345275604f8860ded0be23a56) Importer(815301076,1909f56bfc062723c751e8b465ee728b)  -> (artifact id: 'c3b54cefb545d35606be48cc0e666822') in 0.033466 seconds
  Import took 0.038842 seconds .

========================================================================
Received Import Request.
  Time since last request: 159.344990 seconds.
  path: Assets/Roguelike RPG Pack
  artifactKey: Guid(22594874a6161f34487f8af69a16c2b5) Importer(815301076,1909f56bfc062723c751e8b465ee728b)
Start importing Assets/Roguelike RPG Pack using Guid(22594874a6161f34487f8af69a16c2b5) Importer(815301076,1909f56bfc062723c751e8b465ee728b)  -> (artifact id: '11a2629e55c00c24938150907ccb7f6f') in 0.011585 seconds
  Import took 0.018768 seconds .

========================================================================
Received Import Request.
  Time since last request: 46.417796 seconds.
  path: Assets/Roguelike RPG Pack/Sample2.png
  artifactKey: Guid(44b9ac9a37c8226488a5cd6a9a865d84) Importer(815301076,1909f56bfc062723c751e8b465ee728b)
Start importing Assets/Roguelike RPG Pack/Sample2.png using Guid(44b9ac9a37c8226488a5cd6a9a865d84) Importer(815301076,1909f56bfc062723c751e8b465ee728b)  -> (artifact id: 'a730387ab07213f1489dcbdfdd01d4bb') in 0.030259 seconds
  Import took 0.040276 seconds .

========================================================================
Received Import Request.
  Time since last request: 2.206864 seconds.
  path: Assets/Roguelike RPG Pack/Sample1.png
  artifactKey: Guid(224e91852796f1748a173cc75ea9af29) Importer(815301076,1909f56bfc062723c751e8b465ee728b)
Start importing Assets/Roguelike RPG Pack/Sample1.png using Guid(224e91852796f1748a173cc75ea9af29) Importer(815301076,1909f56bfc062723c751e8b465ee728b)  -> (artifact id: '03a1991d2a8c0a70066bbd56f7ff732e') in 0.023462 seconds
  Import took 0.027830 seconds .

========================================================================
Received Import Request.
  Time since last request: 1.577446 seconds.
  path: Assets/Roguelike RPG Pack/Preview.png
  artifactKey: Guid(7c765157af9c2cd4b88aa934449edddc) Importer(815301076,1909f56bfc062723c751e8b465ee728b)
Start importing Assets/Roguelike RPG Pack/Preview.png using Guid(7c765157af9c2cd4b88aa934449edddc) Importer(815301076,1909f56bfc062723c751e8b465ee728b)  -> (artifact id: '7c834a857ff8262545d2e84a38b29eaa') in 0.045117 seconds
  Import took 0.049232 seconds .

========================================================================
Received Import Request.
  Time since last request: 7.195825 seconds.
  path: Assets/Roguelike RPG Pack/License.txt
  artifactKey: Guid(95bae3648e767ae4da54798ac5ef13b0) Importer(815301076,1909f56bfc062723c751e8b465ee728b)
Start importing Assets/Roguelike RPG Pack/License.txt using Guid(95bae3648e767ae4da54798ac5ef13b0) Importer(815301076,1909f56bfc062723c751e8b465ee728b)  -> (artifact id: '126b7c23b536987bbdd6fef0598a48ea') in 0.023065 seconds
  Import took 0.027621 seconds .

========================================================================
Received Import Request.
  Time since last request: 1.654482 seconds.
  path: Assets/Roguelike RPG Pack/Map
  artifactKey: Guid(3c558cad4382e634badae7c35ce201ba) Importer(815301076,1909f56bfc062723c751e8b465ee728b)
Start importing Assets/Roguelike RPG Pack/Map using Guid(3c558cad4382e634badae7c35ce201ba) Importer(815301076,1909f56bfc062723c751e8b465ee728b)  -> (artifact id: '70041596efef580bc0904374593f299e') in 0.011407 seconds
  Import took 0.015555 seconds .

========================================================================
Received Import Request.
  Time since last request: 1.289751 seconds.
  path: Assets/Roguelike RPG Pack/Spritesheet
  artifactKey: Guid(f8737581c0edfb64e8d32234a7730d21) Importer(815301076,1909f56bfc062723c751e8b465ee728b)
Start importing Assets/Roguelike RPG Pack/Spritesheet using Guid(f8737581c0edfb64e8d32234a7730d21) Importer(815301076,1909f56bfc062723c751e8b465ee728b)  -> (artifact id: '047478e69be6a255ee34b4e6448465f1') in 0.010178 seconds
  Import took 0.014849 seconds .

========================================================================
Received Import Request.
  Time since last request: 0.770555 seconds.
  path: Assets/Roguelike RPG Pack/Spritesheet/spritesheetInfo.txt
  artifactKey: Guid(f98ce125f3a91bb4d9f0646feccddf5e) Importer(815301076,1909f56bfc062723c751e8b465ee728b)
Start importing Assets/Roguelike RPG Pack/Spritesheet/spritesheetInfo.txt using Guid(f98ce125f3a91bb4d9f0646feccddf5e) Importer(815301076,1909f56bfc062723c751e8b465ee728b)  -> (artifact id: '0d0319ad0a15218f05b69de359342b2f') in 0.010250 seconds
  Import took 0.014883 seconds .

========================================================================
Received Import Request.
  Time since last request: 5.630992 seconds.
  path: Assets/Roguelike RPG Pack/Spritesheet/roguelikeSheet_transparent.png
  artifactKey: Guid(edfee5a8dadc39a4a8e6a3c417c1c9cf) Importer(815301076,1909f56bfc062723c751e8b465ee728b)
Start importing Assets/Roguelike RPG Pack/Spritesheet/roguelikeSheet_transparent.png using Guid(edfee5a8dadc39a4a8e6a3c417c1c9cf) Importer(815301076,1909f56bfc062723c751e8b465ee728b)  -> (artifact id: '964a36f08419feee3f93535357290856') in 0.032247 seconds
  Import took 0.036264 seconds .

========================================================================
Received Import Request.
  Time since last request: 7.758848 seconds.
  path: Assets/Roguelike RPG Pack/Spritesheet/roguelikeSheet_transparent.png
  artifactKey: Guid(edfee5a8dadc39a4a8e6a3c417c1c9cf) Importer(815301076,1909f56bfc062723c751e8b465ee728b)
Start importing Assets/Roguelike RPG Pack/Spritesheet/roguelikeSheet_transparent.png using Guid(edfee5a8dadc39a4a8e6a3c417c1c9cf) Importer(815301076,1909f56bfc062723c751e8b465ee728b)  -> (artifact id: '437417c6d9d136b5b4a458abe3661821') in 0.018234 seconds
  Import took 0.022478 seconds .

========================================================================
Received Import Request.
  Time since last request: 87.990423 seconds.
  path: Assets/Roguelike RPG Pack/Spritesheet/roguelikeSheet_transparent.png
  artifactKey: Guid(edfee5a8dadc39a4a8e6a3c417c1c9cf) Importer(815301076,1909f56bfc062723c751e8b465ee728b)
Start importing Assets/Roguelike RPG Pack/Spritesheet/roguelikeSheet_transparent.png using Guid(edfee5a8dadc39a4a8e6a3c417c1c9cf) Importer(815301076,1909f56bfc062723c751e8b465ee728b)  -> (artifact id: 'f2200e9971e0140afa9854c54be3ecf8') in 3.115406 seconds
  Import took 3.133867 seconds .

========================================================================
Received Import Request.
  Time since last request: 32.509591 seconds.
  path: Assets/Roguelike RPG Pack/Spritesheet/RoguelikeRPGPack.prefab
  artifactKey: Guid(a3ba4d0a6973a1a4e8243464de8da1a1) Importer(815301076,1909f56bfc062723c751e8b465ee728b)
Start importing Assets/Roguelike RPG Pack/Spritesheet/RoguelikeRPGPack.prefab using Guid(a3ba4d0a6973a1a4e8243464de8da1a1) Importer(815301076,1909f56bfc062723c751e8b465ee728b)  -> (artifact id: 'c39d372f73e4904d4097c133f99f10d4') in 0.024584 seconds
  Import took 0.030180 seconds .

========================================================================
Received Import Request.
  Time since last request: 336.451024 seconds.
  path: Assets/Roguelike RPG Pack/Spritesheet/roguelikeSheet_magenta.png
  artifactKey: Guid(17cc19a26066485459c48ca56fd2904f) Importer(815301076,1909f56bfc062723c751e8b465ee728b)
Start importing Assets/Roguelike RPG Pack/Spritesheet/roguelikeSheet_magenta.png using Guid(17cc19a26066485459c48ca56fd2904f) Importer(815301076,1909f56bfc062723c751e8b465ee728b)  -> (artifact id: '2815863d889bd16b21ccacd6d81713ac') in 0.032984 seconds
  Import took 0.039096 seconds .

========================================================================
Received Import Request.
  Time since last request: 0.005153 seconds.
  path: Assets/Roguelike RPG Pack/Spritesheet/roguelikeSheet_magenta.png
  artifactKey: Guid(17cc19a26066485459c48ca56fd2904f) Importer(815301076,1909f56bfc062723c751e8b465ee728b)
Start importing Assets/Roguelike RPG Pack/Spritesheet/roguelikeSheet_magenta.png using Guid(17cc19a26066485459c48ca56fd2904f) Importer(815301076,1909f56bfc062723c751e8b465ee728b)  -> (artifact id: '2815863d889bd16b21ccacd6d81713ac') in 0.020385 seconds
  Import took 0.024439 seconds .

========================================================================
Received Import Request.
  Time since last request: 6.038382 seconds.
  path: Assets/Roguelike RPG Pack/Spritesheet/roguelikeSheet_transparent_1.asset
  artifactKey: Guid(46ee9445b3888fd48857233e1329d048) Importer(815301076,1909f56bfc062723c751e8b465ee728b)
Start importing Assets/Roguelike RPG Pack/Spritesheet/roguelikeSheet_transparent_1.asset using Guid(46ee9445b3888fd48857233e1329d048) Importer(815301076,1909f56bfc062723c751e8b465ee728b)  -> (artifact id: 'c3f40f6b2c40b07066d0e672a1aa6c0c') in 0.037429 seconds
  Import took 0.041929 seconds .

========================================================================
Received Import Request.
  Time since last request: 1.330441 seconds.
  path: Assets/Roguelike RPG Pack/Spritesheet/roguelikeSheet_transparent_4.asset
  artifactKey: Guid(779532067fb18cb4496e4447cac0234b) Importer(815301076,1909f56bfc062723c751e8b465ee728b)
Start importing Assets/Roguelike RPG Pack/Spritesheet/roguelikeSheet_transparent_4.asset using Guid(779532067fb18cb4496e4447cac0234b) Importer(815301076,1909f56bfc062723c751e8b465ee728b)  -> (artifact id: 'cb15de884fc7c4054aff1167ed05f5a8') in 0.024980 seconds
  Import took 0.030179 seconds .

========================================================================
Received Import Request.
  Time since last request: 0.578638 seconds.
  path: Assets/Roguelike RPG Pack/Spritesheet/roguelikeSheet_transparent_11.asset
  artifactKey: Guid(6322af7bccdbc8f45831f27414ced622) Importer(815301076,1909f56bfc062723c751e8b465ee728b)
Start importing Assets/Roguelike RPG Pack/Spritesheet/roguelikeSheet_transparent_11.asset using Guid(6322af7bccdbc8f45831f27414ced622) Importer(815301076,1909f56bfc062723c751e8b465ee728b)  -> (artifact id: 'c1552c590ea4b3f4e5c441373c4aa6ce') in 0.024240 seconds
  Import took 0.028887 seconds .

========================================================================
Received Import Request.
  Time since last request: 0.573928 seconds.
  path: Assets/Roguelike RPG Pack/Spritesheet/roguelikeSheet_transparent_15.asset
  artifactKey: Guid(ab77de1ddd1719c40a937d24014d8c2e) Importer(815301076,1909f56bfc062723c751e8b465ee728b)
Start importing Assets/Roguelike RPG Pack/Spritesheet/roguelikeSheet_transparent_15.asset using Guid(ab77de1ddd1719c40a937d24014d8c2e) Importer(815301076,1909f56bfc062723c751e8b465ee728b)  -> (artifact id: 'eaa7562badd50111e03ecaeeb6db11d9') in 0.029678 seconds
  Import took 0.036548 seconds .

========================================================================
Received Import Request.
  Time since last request: 0.000867 seconds.
  path: Assets/Roguelike RPG Pack/Spritesheet/roguelikeSheet_transparent_15.asset
  artifactKey: Guid(ab77de1ddd1719c40a937d24014d8c2e) Importer(815301076,1909f56bfc062723c751e8b465ee728b)
Start importing Assets/Roguelike RPG Pack/Spritesheet/roguelikeSheet_transparent_15.asset using Guid(ab77de1ddd1719c40a937d24014d8c2e) Importer(815301076,1909f56bfc062723c751e8b465ee728b)  -> (artifact id: 'eaa7562badd50111e03ecaeeb6db11d9') in 0.024481 seconds
  Import took 0.029057 seconds .

========================================================================
Received Import Request.
  Time since last request: 12.840951 seconds.
  path: Assets/Roguelike RPG Pack/Spritesheet/RoguelikeRPGPack.prefab
  artifactKey: Guid(a3ba4d0a6973a1a4e8243464de8da1a1) Importer(815301076,1909f56bfc062723c751e8b465ee728b)
Start importing Assets/Roguelike RPG Pack/Spritesheet/RoguelikeRPGPack.prefab using Guid(a3ba4d0a6973a1a4e8243464de8da1a1) Importer(815301076,1909f56bfc062723c751e8b465ee728b)  -> (artifact id: 'c4df39b7ca2dbfbccee6c055bbf6ddf3') in 0.018257 seconds
  Import took 0.023809 seconds .

========================================================================
Received Import Request.
  Time since last request: 4.916110 seconds.
  path: Assets/Roguelike RPG Pack/Spritesheet/RoguelikeRPGPack.prefab
  artifactKey: Guid(a3ba4d0a6973a1a4e8243464de8da1a1) Importer(815301076,1909f56bfc062723c751e8b465ee728b)
Start importing Assets/Roguelike RPG Pack/Spritesheet/RoguelikeRPGPack.prefab using Guid(a3ba4d0a6973a1a4e8243464de8da1a1) Importer(815301076,1909f56bfc062723c751e8b465ee728b)  -> (artifact id: '36867e87cee38ad43e8f9ef4a97253b0') in 0.017114 seconds
  Import took 0.022002 seconds .

========================================================================
Received Import Request.
  Time since last request: 9.963376 seconds.
  path: Assets/Roguelike RPG Pack/Spritesheet/roguelikeSheet_transparent_13.asset
  artifactKey: Guid(34446b068dc4a024eabbc0ad24f7d58a) Importer(815301076,1909f56bfc062723c751e8b465ee728b)
Start importing Assets/Roguelike RPG Pack/Spritesheet/roguelikeSheet_transparent_13.asset using Guid(34446b068dc4a024eabbc0ad24f7d58a) Importer(815301076,1909f56bfc062723c751e8b465ee728b)  -> (artifact id: '8bd9ea64b9321698e7cc579bdf869413') in 0.022859 seconds
  Import took 0.027267 seconds .

========================================================================
Received Import Request.
  Time since last request: 1.184064 seconds.
  path: Assets/Roguelike RPG Pack/Spritesheet/roguelikeSheet_transparent_14.asset
  artifactKey: Guid(d24e0914a2359fd45aadb025ed0961cd) Importer(815301076,1909f56bfc062723c751e8b465ee728b)
Start importing Assets/Roguelike RPG Pack/Spritesheet/roguelikeSheet_transparent_14.asset using Guid(d24e0914a2359fd45aadb025ed0961cd) Importer(815301076,1909f56bfc062723c751e8b465ee728b)  -> (artifact id: '74845f80d4ea420f276558b7ff66a724') in 0.034177 seconds
  Import took 0.040599 seconds .

========================================================================
Received Import Request.
  Time since last request: 0.385328 seconds.
  path: Assets/Roguelike RPG Pack/Spritesheet/roguelikeSheet_transparent_16.asset
  artifactKey: Guid(d74a936f62f7fe54ea691fa77cc2008a) Importer(815301076,1909f56bfc062723c751e8b465ee728b)
Start importing Assets/Roguelike RPG Pack/Spritesheet/roguelikeSheet_transparent_16.asset using Guid(d74a936f62f7fe54ea691fa77cc2008a) Importer(815301076,1909f56bfc062723c751e8b465ee728b)  -> (artifact id: '91503a48d4013c0e7816a1beb1e95c74') in 0.023896 seconds
  Import took 0.028832 seconds .

========================================================================
Received Import Request.
  Time since last request: 0.121813 seconds.
  path: Assets/Roguelike RPG Pack/Spritesheet/roguelikeSheet_transparent_17.asset
  artifactKey: Guid(b64f149460c36bf4999b44a1b13fd75c) Importer(815301076,1909f56bfc062723c751e8b465ee728b)
Start importing Assets/Roguelike RPG Pack/Spritesheet/roguelikeSheet_transparent_17.asset using Guid(b64f149460c36bf4999b44a1b13fd75c) Importer(815301076,1909f56bfc062723c751e8b465ee728b)  -> (artifact id: '7ec11337f6df5660f187d6aa59bc217c') in 0.023781 seconds
  Import took 0.028597 seconds .

========================================================================
Received Import Request.
  Time since last request: 0.491415 seconds.
  path: Assets/Roguelike RPG Pack/Spritesheet/roguelikeSheet_transparent_18.asset
  artifactKey: Guid(da1963e5926bfac48816c5750da54ae0) Importer(815301076,1909f56bfc062723c751e8b465ee728b)
Start importing Assets/Roguelike RPG Pack/Spritesheet/roguelikeSheet_transparent_18.asset using Guid(da1963e5926bfac48816c5750da54ae0) Importer(815301076,1909f56bfc062723c751e8b465ee728b)  -> (artifact id: '158849c9eb8fc0d13328df894994530d') in 0.026853 seconds
  Import took 0.037410 seconds .

========================================================================
Received Import Request.
  Time since last request: 0.071096 seconds.
  path: Assets/Roguelike RPG Pack/Spritesheet/roguelikeSheet_transparent_19.asset
  artifactKey: Guid(ff9df37112e72db4d933b94db8d477d1) Importer(815301076,1909f56bfc062723c751e8b465ee728b)
Start importing Assets/Roguelike RPG Pack/Spritesheet/roguelikeSheet_transparent_19.asset using Guid(ff9df37112e72db4d933b94db8d477d1) Importer(815301076,1909f56bfc062723c751e8b465ee728b)  -> (artifact id: '769defd75a533f806329add81b8cd265') in 0.040658 seconds
  Import took 0.045040 seconds .

========================================================================
Received Import Request.
  Time since last request: 0.056789 seconds.
  path: Assets/Roguelike RPG Pack/Spritesheet/roguelikeSheet_transparent_20.asset
  artifactKey: Guid(e29e5cd8822b2f843af51562bf655c8a) Importer(815301076,1909f56bfc062723c751e8b465ee728b)
Start importing Assets/Roguelike RPG Pack/Spritesheet/roguelikeSheet_transparent_20.asset using Guid(e29e5cd8822b2f843af51562bf655c8a) Importer(815301076,1909f56bfc062723c751e8b465ee728b)  -> (artifact id: '36f7860b3dc2ee356dd423822195ae57') in 0.018087 seconds
  Import took 0.022567 seconds .

========================================================================
Received Import Request.
  Time since last request: 0.081423 seconds.
  path: Assets/Roguelike RPG Pack/Spritesheet/roguelikeSheet_transparent_21.asset
  artifactKey: Guid(a1a0e4119f8026441a56f197e3c47f44) Importer(815301076,1909f56bfc062723c751e8b465ee728b)
Start importing Assets/Roguelike RPG Pack/Spritesheet/roguelikeSheet_transparent_21.asset using Guid(a1a0e4119f8026441a56f197e3c47f44) Importer(815301076,1909f56bfc062723c751e8b465ee728b)  -> (artifact id: 'eeb6d815c16a19ea71621687f76fde5a') in 0.017999 seconds
  Import took 0.022971 seconds .

========================================================================
Received Import Request.
  Time since last request: 0.096651 seconds.
  path: Assets/Roguelike RPG Pack/Spritesheet/roguelikeSheet_transparent_23.asset
  artifactKey: Guid(4958af4a5b64ff8499b0b98236819c7b) Importer(815301076,1909f56bfc062723c751e8b465ee728b)
Start importing Assets/Roguelike RPG Pack/Spritesheet/roguelikeSheet_transparent_23.asset using Guid(4958af4a5b64ff8499b0b98236819c7b) Importer(815301076,1909f56bfc062723c751e8b465ee728b)  -> (artifact id: 'e172957d5ff84d36bd4e8020470b6a90') in 0.040358 seconds
  Import took 0.044505 seconds .

========================================================================
Received Import Request.
  Time since last request: 0.059227 seconds.
  path: Assets/Roguelike RPG Pack/Spritesheet/roguelikeSheet_transparent_24.asset
  artifactKey: Guid(7157da171b757604da56579cc33e2a26) Importer(815301076,1909f56bfc062723c751e8b465ee728b)
Start importing Assets/Roguelike RPG Pack/Spritesheet/roguelikeSheet_transparent_24.asset using Guid(7157da171b757604da56579cc33e2a26) Importer(815301076,1909f56bfc062723c751e8b465ee728b)  -> (artifact id: 'cf78c18d5f74a8a66ef4394820063605') in 0.019208 seconds
  Import took 0.024049 seconds .

========================================================================
Received Import Request.
  Time since last request: 0.080893 seconds.
  path: Assets/Roguelike RPG Pack/Spritesheet/roguelikeSheet_transparent_25.asset
  artifactKey: Guid(8a3a0c70bef489449bb3e048d2ed0db2) Importer(815301076,1909f56bfc062723c751e8b465ee728b)
Start importing Assets/Roguelike RPG Pack/Spritesheet/roguelikeSheet_transparent_25.asset using Guid(8a3a0c70bef489449bb3e048d2ed0db2) Importer(815301076,1909f56bfc062723c751e8b465ee728b)  -> (artifact id: '6b30f622d3d7643f75db333095e792d4') in 0.018960 seconds
  Import took 0.023206 seconds .

========================================================================
Received Import Request.
  Time since last request: 0.079663 seconds.
  path: Assets/Roguelike RPG Pack/Spritesheet/roguelikeSheet_transparent_26.asset
  artifactKey: Guid(cdb3f1b19f1403a48b18ce8abb210f17) Importer(815301076,1909f56bfc062723c751e8b465ee728b)
Start importing Assets/Roguelike RPG Pack/Spritesheet/roguelikeSheet_transparent_26.asset using Guid(cdb3f1b19f1403a48b18ce8abb210f17) Importer(815301076,1909f56bfc062723c751e8b465ee728b)  -> (artifact id: 'a8d435f09db1ca0fbdb7a7cd441a09ac') in 0.018659 seconds
  Import took 0.023079 seconds .

========================================================================
Received Import Request.
  Time since last request: 0.096212 seconds.
  path: Assets/Roguelike RPG Pack/Spritesheet/roguelikeSheet_transparent_28.asset
  artifactKey: Guid(921f0619eb1826949b48ba0e920ed57f) Importer(815301076,1909f56bfc062723c751e8b465ee728b)
Start importing Assets/Roguelike RPG Pack/Spritesheet/roguelikeSheet_transparent_28.asset using Guid(921f0619eb1826949b48ba0e920ed57f) Importer(815301076,1909f56bfc062723c751e8b465ee728b)  -> (artifact id: 'af46595c8100ba737ff14ccdfa05cc5b') in 0.018751 seconds
  Import took 0.023674 seconds .

========================================================================
Received Import Request.
  Time since last request: 0.081578 seconds.
  path: Assets/Roguelike RPG Pack/Spritesheet/roguelikeSheet_transparent_29.asset
  artifactKey: Guid(2718cd46af65eb847a89cb768f7dca01) Importer(815301076,1909f56bfc062723c751e8b465ee728b)
Start importing Assets/Roguelike RPG Pack/Spritesheet/roguelikeSheet_transparent_29.asset using Guid(2718cd46af65eb847a89cb768f7dca01) Importer(815301076,1909f56bfc062723c751e8b465ee728b)  -> (artifact id: '4e4cd70e29be1132fe19174042fa9aa0') in 0.019730 seconds
  Import took 0.024546 seconds .

========================================================================
Received Import Request.
  Time since last request: 0.078628 seconds.
  path: Assets/Roguelike RPG Pack/Spritesheet/roguelikeSheet_transparent_30.asset
  artifactKey: Guid(431daefe7ac01d142be45594f5bcff8e) Importer(815301076,1909f56bfc062723c751e8b465ee728b)
Start importing Assets/Roguelike RPG Pack/Spritesheet/roguelikeSheet_transparent_30.asset using Guid(431daefe7ac01d142be45594f5bcff8e) Importer(815301076,1909f56bfc062723c751e8b465ee728b)  -> (artifact id: '202bc6dea882f413ce0498be29e42b2c') in 0.016783 seconds
  Import took 0.021612 seconds .

========================================================================
Received Import Request.
  Time since last request: 0.087321 seconds.
  path: Assets/Roguelike RPG Pack/Spritesheet/roguelikeSheet_transparent_32.asset
  artifactKey: Guid(c09b4757af98c8b4991d59591c81c47b) Importer(815301076,1909f56bfc062723c751e8b465ee728b)
Start importing Assets/Roguelike RPG Pack/Spritesheet/roguelikeSheet_transparent_32.asset using Guid(c09b4757af98c8b4991d59591c81c47b) Importer(815301076,1909f56bfc062723c751e8b465ee728b)  -> (artifact id: '7adc7400ddf44149eac98f28ef7bed14') in 0.017395 seconds
  Import took 0.022294 seconds .

========================================================================
Received Import Request.
  Time since last request: 0.093211 seconds.
  path: Assets/Roguelike RPG Pack/Spritesheet/roguelikeSheet_transparent_33.asset
  artifactKey: Guid(1b2dbd35af06483498a951f6f5100500) Importer(815301076,1909f56bfc062723c751e8b465ee728b)
Start importing Assets/Roguelike RPG Pack/Spritesheet/roguelikeSheet_transparent_33.asset using Guid(1b2dbd35af06483498a951f6f5100500) Importer(815301076,1909f56bfc062723c751e8b465ee728b)  -> (artifact id: 'fbe3453135a122c959a94cd2cd95910c') in 0.018015 seconds
  Import took 0.023391 seconds .

========================================================================
Received Import Request.
  Time since last request: 0.078766 seconds.
  path: Assets/Roguelike RPG Pack/Spritesheet/roguelikeSheet_transparent_34.asset
  artifactKey: Guid(398c7b9a9840af149a56356f109de0e9) Importer(815301076,1909f56bfc062723c751e8b465ee728b)
Start importing Assets/Roguelike RPG Pack/Spritesheet/roguelikeSheet_transparent_34.asset using Guid(398c7b9a9840af149a56356f109de0e9) Importer(815301076,1909f56bfc062723c751e8b465ee728b)  -> (artifact id: '476209e1cbfa3a95f56ded9c5bea41ce') in 0.018516 seconds
  Import took 0.022912 seconds .

========================================================================
Received Import Request.
  Time since last request: 0.079020 seconds.
  path: Assets/Roguelike RPG Pack/Spritesheet/roguelikeSheet_transparent_35.asset
  artifactKey: Guid(b7d5b7819d07d304c935ea3385fa1f7e) Importer(815301076,1909f56bfc062723c751e8b465ee728b)
Start importing Assets/Roguelike RPG Pack/Spritesheet/roguelikeSheet_transparent_35.asset using Guid(b7d5b7819d07d304c935ea3385fa1f7e) Importer(815301076,1909f56bfc062723c751e8b465ee728b)  -> (artifact id: 'afea5cf2fdfa80c25eef0d9de2f8cbd1') in 0.041957 seconds
  Import took 0.046267 seconds .

========================================================================
Received Import Request.
  Time since last request: 0.007189 seconds.
  path: Assets/Roguelike RPG Pack/Spritesheet/roguelikeSheet_transparent_36.asset
  artifactKey: Guid(f6a625a32665dbc40b69001e874cfe32) Importer(815301076,1909f56bfc062723c751e8b465ee728b)
Start importing Assets/Roguelike RPG Pack/Spritesheet/roguelikeSheet_transparent_36.asset using Guid(f6a625a32665dbc40b69001e874cfe32) Importer(815301076,1909f56bfc062723c751e8b465ee728b)  -> (artifact id: '5ed3db06a08c89e8524db16874b3f260') in 0.018361 seconds
  Import took 0.022870 seconds .

========================================================================
Received Import Request.
  Time since last request: 0.079375 seconds.
  path: Assets/Roguelike RPG Pack/Spritesheet/roguelikeSheet_transparent_38.asset
  artifactKey: Guid(8df26457e2d17f8428febd18b1ff7740) Importer(815301076,1909f56bfc062723c751e8b465ee728b)
Start importing Assets/Roguelike RPG Pack/Spritesheet/roguelikeSheet_transparent_38.asset using Guid(8df26457e2d17f8428febd18b1ff7740) Importer(815301076,1909f56bfc062723c751e8b465ee728b)  -> (artifact id: '0c645b95054ab3e25f0fea4ea67f246e') in 0.017325 seconds
  Import took 0.022127 seconds .

========================================================================
Received Import Request.
  Time since last request: 0.094714 seconds.
  path: Assets/Roguelike RPG Pack/Spritesheet/roguelikeSheet_transparent_39.asset
  artifactKey: Guid(b96117588e6a1e24788ba345d9e30174) Importer(815301076,1909f56bfc062723c751e8b465ee728b)
Start importing Assets/Roguelike RPG Pack/Spritesheet/roguelikeSheet_transparent_39.asset using Guid(b96117588e6a1e24788ba345d9e30174) Importer(815301076,1909f56bfc062723c751e8b465ee728b)  -> (artifact id: '96ae9b13c6fcad0d9bd7fa13134797d4') in 0.018905 seconds
  Import took 0.023437 seconds .

========================================================================
Received Import Request.
  Time since last request: 0.171543 seconds.
  path: Assets/Roguelike RPG Pack/Spritesheet/roguelikeSheet_transparent_37.asset
  artifactKey: Guid(bb7d93a2f29bab843bf3be6f5a707de6) Importer(815301076,1909f56bfc062723c751e8b465ee728b)
Start importing Assets/Roguelike RPG Pack/Spritesheet/roguelikeSheet_transparent_37.asset using Guid(bb7d93a2f29bab843bf3be6f5a707de6) Importer(815301076,1909f56bfc062723c751e8b465ee728b)  -> (artifact id: 'c3be6599f93fbb0f9773b0e69dc0b3ae') in 0.018819 seconds
  Import took 0.023502 seconds .

========================================================================
Received Import Request.
  Time since last request: 0.998974 seconds.
  path: Assets/Roguelike RPG Pack/Spritesheet/roguelikeSheet_transparent_22.asset
  artifactKey: Guid(e3630aef94c0eef45b744c5e5e6a9368) Importer(815301076,1909f56bfc062723c751e8b465ee728b)
Start importing Assets/Roguelike RPG Pack/Spritesheet/roguelikeSheet_transparent_22.asset using Guid(e3630aef94c0eef45b744c5e5e6a9368) Importer(815301076,1909f56bfc062723c751e8b465ee728b)  -> (artifact id: 'a407483d00e091791611a23664f55e6d') in 0.019901 seconds
  Import took 0.024105 seconds .

========================================================================
Received Import Request.
  Time since last request: 0.528986 seconds.
  path: Assets/Roguelike RPG Pack/Spritesheet/roguelikeSheet_transparent_10.asset
  artifactKey: Guid(4ccc4287959f0fc4599ca72c6befae8d) Importer(815301076,1909f56bfc062723c751e8b465ee728b)
Start importing Assets/Roguelike RPG Pack/Spritesheet/roguelikeSheet_transparent_10.asset using Guid(4ccc4287959f0fc4599ca72c6befae8d) Importer(815301076,1909f56bfc062723c751e8b465ee728b)  -> (artifact id: 'cb9f433a1cd353797010fe44ad55e99f') in 0.017641 seconds
  Import took 0.021856 seconds .

========================================================================
Received Import Request.
  Time since last request: 0.095573 seconds.
  path: Assets/Roguelike RPG Pack/Spritesheet/roguelikeSheet_transparent_8.asset
  artifactKey: Guid(985a1625ff213234998a01896d66038b) Importer(815301076,1909f56bfc062723c751e8b465ee728b)
Start importing Assets/Roguelike RPG Pack/Spritesheet/roguelikeSheet_transparent_8.asset using Guid(985a1625ff213234998a01896d66038b) Importer(815301076,1909f56bfc062723c751e8b465ee728b)  -> (artifact id: '1ce9329d4c115794273796ba14bf7148') in 0.018530 seconds
  Import took 0.023283 seconds .

========================================================================
Received Import Request.
  Time since last request: 0.080798 seconds.
  path: Assets/Roguelike RPG Pack/Spritesheet/roguelikeSheet_transparent_7.asset
  artifactKey: Guid(ccb2d264ee217a94590968c81caeb3ad) Importer(815301076,1909f56bfc062723c751e8b465ee728b)
Start importing Assets/Roguelike RPG Pack/Spritesheet/roguelikeSheet_transparent_7.asset using Guid(ccb2d264ee217a94590968c81caeb3ad) Importer(815301076,1909f56bfc062723c751e8b465ee728b)  -> (artifact id: 'debf3d9f0813ee1f37792418c55f0cb6') in 0.019153 seconds
  Import took 0.023533 seconds .

========================================================================
Received Import Request.
  Time since last request: 0.084486 seconds.
  path: Assets/Roguelike RPG Pack/Spritesheet/roguelikeSheet_transparent_5.asset
  artifactKey: Guid(3b224120f615bca40b98fcab40c948c9) Importer(815301076,1909f56bfc062723c751e8b465ee728b)
Start importing Assets/Roguelike RPG Pack/Spritesheet/roguelikeSheet_transparent_5.asset using Guid(3b224120f615bca40b98fcab40c948c9) Importer(815301076,1909f56bfc062723c751e8b465ee728b)  -> (artifact id: '8a10aa35c5266e3a01366ea097ac13bf') in 0.017306 seconds
  Import took 0.021506 seconds .

========================================================================
Received Import Request.
  Time since last request: 0.141053 seconds.
  path: Assets/Roguelike RPG Pack/Spritesheet/roguelikeSheet_transparent_3.asset
  artifactKey: Guid(9a4ff04e0bd9f2841abee8dd177c28dd) Importer(815301076,1909f56bfc062723c751e8b465ee728b)
Start importing Assets/Roguelike RPG Pack/Spritesheet/roguelikeSheet_transparent_3.asset using Guid(9a4ff04e0bd9f2841abee8dd177c28dd) Importer(815301076,1909f56bfc062723c751e8b465ee728b)  -> (artifact id: 'f33f447618e9b216feaf07123f867e6e') in 0.017317 seconds
  Import took 0.022330 seconds .

========================================================================
Received Import Request.
  Time since last request: 0.071517 seconds.
  path: Assets/Roguelike RPG Pack/Spritesheet/roguelikeSheet_transparent_2.asset
  artifactKey: Guid(1b5ceb109ca10d6409d5e989dcbd0ffd) Importer(815301076,1909f56bfc062723c751e8b465ee728b)
Start importing Assets/Roguelike RPG Pack/Spritesheet/roguelikeSheet_transparent_2.asset using Guid(1b5ceb109ca10d6409d5e989dcbd0ffd) Importer(815301076,1909f56bfc062723c751e8b465ee728b)  -> (artifact id: '265d05f9cc1582f8b2c268b07a3f6810') in 0.024310 seconds
  Import took 0.029048 seconds .

========================================================================
Received Import Request.
  Time since last request: 0.123497 seconds.
  path: Assets/Roguelike RPG Pack/Spritesheet/roguelikeSheet_transparent_0.asset
  artifactKey: Guid(0e021fa8afc991e49afd2488364ad068) Importer(815301076,1909f56bfc062723c751e8b465ee728b)
Start importing Assets/Roguelike RPG Pack/Spritesheet/roguelikeSheet_transparent_0.asset using Guid(0e021fa8afc991e49afd2488364ad068) Importer(815301076,1909f56bfc062723c751e8b465ee728b)  -> (artifact id: '31cb10397295cb6d233292cf623e4b11') in 0.017690 seconds
  Import took 0.021890 seconds .

========================================================================
Received Import Request.
  Time since last request: 104.888005 seconds.
  path: Assets/RPGUrbanPack
  artifactKey: Guid(7a2dbb9322d136845a60a009df8c56e4) Importer(815301076,1909f56bfc062723c751e8b465ee728b)
Start importing Assets/RPGUrbanPack using Guid(7a2dbb9322d136845a60a009df8c56e4) Importer(815301076,1909f56bfc062723c751e8b465ee728b)  -> (artifact id: 'b7cb8cafc6d64612cebcba7d5dbdc018') in 0.014662 seconds
  Import took 0.019628 seconds .

========================================================================
Received Import Request.
  Time since last request: 102.724809 seconds.
  path: Assets/RPGUrbanPack/Sample.png
  artifactKey: Guid(9712b385fe10ed24dac381eb0efef107) Importer(815301076,1909f56bfc062723c751e8b465ee728b)
Start importing Assets/RPGUrbanPack/Sample.png using Guid(9712b385fe10ed24dac381eb0efef107) Importer(815301076,1909f56bfc062723c751e8b465ee728b)  -> (artifact id: 'c69cb2ea586a9ab09976d038ed099968') in 0.021712 seconds
  Import took 0.026819 seconds .

========================================================================
Received Import Request.
  Time since last request: 3.772327 seconds.
  path: Assets/RPGUrbanPack/Preview.png
  artifactKey: Guid(e399a7c941857ca45baf8e9b528e51cb) Importer(815301076,1909f56bfc062723c751e8b465ee728b)
Start importing Assets/RPGUrbanPack/Preview.png using Guid(e399a7c941857ca45baf8e9b528e51cb) Importer(815301076,1909f56bfc062723c751e8b465ee728b)  -> (artifact id: '993f969dd2d9b33cdf76ad432cea045e') in 0.021808 seconds
  Import took 0.026191 seconds .

========================================================================
Received Import Request.
  Time since last request: 1.150725 seconds.
  path: Assets/RPGUrbanPack/Patreon.url
  artifactKey: Guid(67eabcb7a36e0d543945903c589df7f9) Importer(815301076,1909f56bfc062723c751e8b465ee728b)
Start importing Assets/RPGUrbanPack/Patreon.url using Guid(67eabcb7a36e0d543945903c589df7f9) Importer(815301076,1909f56bfc062723c751e8b465ee728b)  -> (artifact id: '5992ef528be8e013d0d126dbd5061f8c') in 0.100059 seconds
  Import took 0.104496 seconds .

========================================================================
Received Import Request.
  Time since last request: 0.422489 seconds.
  path: Assets/RPGUrbanPack/License.txt
  artifactKey: Guid(ab0704d0d7b003d4792ad06adc157dca) Importer(815301076,1909f56bfc062723c751e8b465ee728b)
Start importing Assets/RPGUrbanPack/License.txt using Guid(ab0704d0d7b003d4792ad06adc157dca) Importer(815301076,1909f56bfc062723c751e8b465ee728b)  -> (artifact id: 'aacacc2deb3d62221c11dac2f94e3a77') in 0.009846 seconds
  Import took 0.015375 seconds .

========================================================================
Received Import Request.
  Time since last request: 1.988689 seconds.
  path: Assets/RPGUrbanPack/Instructions.url
  artifactKey: Guid(adca7e6ee26bde648a1d2f0e3e360d69) Importer(815301076,1909f56bfc062723c751e8b465ee728b)
Start importing Assets/RPGUrbanPack/Instructions.url using Guid(adca7e6ee26bde648a1d2f0e3e360d69) Importer(815301076,1909f56bfc062723c751e8b465ee728b)  -> (artifact id: '7a35ef45461a2a91bae0be6de4505fe7') in 0.011903 seconds
  Import took 0.016559 seconds .

========================================================================
Received Import Request.
  Time since last request: 0.491098 seconds.
  path: Assets/RPGUrbanPack/Kenney.url
  artifactKey: Guid(1494e253c6c515941aeb08ff13ef12e8) Importer(815301076,1909f56bfc062723c751e8b465ee728b)
Start importing Assets/RPGUrbanPack/Kenney.url using Guid(1494e253c6c515941aeb08ff13ef12e8) Importer(815301076,1909f56bfc062723c751e8b465ee728b)  -> (artifact id: 'a40c3ff3ccc4bc67ae33da3425ebdedf') in 0.011192 seconds
  Import took 0.015378 seconds .

========================================================================
Received Import Request.
  Time since last request: 22.348104 seconds.
  path: Assets/RPGUrbanPack/Tiles
  artifactKey: Guid(4f702ab60304b0a45945478122bca88a) Importer(815301076,1909f56bfc062723c751e8b465ee728b)
Start importing Assets/RPGUrbanPack/Tiles using Guid(4f702ab60304b0a45945478122bca88a) Importer(815301076,1909f56bfc062723c751e8b465ee728b)  -> (artifact id: '05f0a0661b61423c953571fd96f5dc70') in 0.009833 seconds
  Import took 0.014080 seconds .

========================================================================
Received Import Request.
  Time since last request: 9.157281 seconds.
  path: Assets/RPGUrbanPack/Tilemap
  artifactKey: Guid(84c8dac8e5adf634bbb377c22f4a63e8) Importer(815301076,1909f56bfc062723c751e8b465ee728b)
Start importing Assets/RPGUrbanPack/Tilemap using Guid(84c8dac8e5adf634bbb377c22f4a63e8) Importer(815301076,1909f56bfc062723c751e8b465ee728b)  -> (artifact id: 'e5a0a3124338a2f609ba4393fcb18ce8') in 0.014939 seconds
  Import took 0.019507 seconds .

========================================================================
Received Import Request.
  Time since last request: 19.949231 seconds.
  path: Assets/Other Outside Environment/Kenney.url
  artifactKey: Guid(bb58046d9f0d97d45b4d39e597be0248) Importer(815301076,1909f56bfc062723c751e8b465ee728b)
Start importing Assets/Other Outside Environment/Kenney.url using Guid(bb58046d9f0d97d45b4d39e597be0248) Importer(815301076,1909f56bfc062723c751e8b465ee728b)  -> (artifact id: 'cdbc6d4f9d08ba643483fd22b0d1e3c1') in 0.005487 seconds
  Import took 0.011003 seconds .

========================================================================
Received Import Request.
  Time since last request: 0.428854 seconds.
  path: Assets/Other Outside Environment/Instructions.url
  artifactKey: Guid(ad5ad46dd0d2d4e42851536c692a1d99) Importer(815301076,1909f56bfc062723c751e8b465ee728b)
Start importing Assets/Other Outside Environment/Instructions.url using Guid(ad5ad46dd0d2d4e42851536c692a1d99) Importer(815301076,1909f56bfc062723c751e8b465ee728b)  -> (artifact id: 'aee714a49ccfad3a5ffb94041713bf1a') in 0.005580 seconds
  Import took 0.010460 seconds .

========================================================================
Received Import Request.
  Time since last request: 11.766778 seconds.
  path: Assets/Other Outside Environment/Tilemap
  artifactKey: Guid(f2f237ed18e88484b80152f6c62e20b9) Importer(815301076,1909f56bfc062723c751e8b465ee728b)
Start importing Assets/Other Outside Environment/Tilemap using Guid(f2f237ed18e88484b80152f6c62e20b9) Importer(815301076,1909f56bfc062723c751e8b465ee728b)  -> (artifact id: 'bcd8b14ff01016a5cab0d5dc84393dae') in 0.005518 seconds
  Import took 0.009775 seconds .

========================================================================
Received Import Request.
  Time since last request: 1.378194 seconds.
  path: Assets/Other Outside Environment/Tilemap/tilemap.png
  artifactKey: Guid(22b972c7e0e5c2c418502d19af31c808) Importer(815301076,1909f56bfc062723c751e8b465ee728b)
Start importing Assets/Other Outside Environment/Tilemap/tilemap.png using Guid(22b972c7e0e5c2c418502d19af31c808) Importer(815301076,1909f56bfc062723c751e8b465ee728b)  -> (artifact id: '36298a7c79cdb8467afe8c216cdbf207') in 0.040176 seconds
  Import took 0.045354 seconds .

========================================================================
Received Import Request.
  Time since last request: 0.002994 seconds.
  path: Assets/Other Outside Environment/Tilemap/tilemap.png
  artifactKey: Guid(22b972c7e0e5c2c418502d19af31c808) Importer(815301076,1909f56bfc062723c751e8b465ee728b)
Start importing Assets/Other Outside Environment/Tilemap/tilemap.png using Guid(22b972c7e0e5c2c418502d19af31c808) Importer(815301076,1909f56bfc062723c751e8b465ee728b)  -> (artifact id: '36298a7c79cdb8467afe8c216cdbf207') in 0.035663 seconds
  Import took 0.040981 seconds .

========================================================================
Received Import Request.
  Time since last request: 39.735063 seconds.
  path: Assets/Other Outside Environment/Tilemap/tilemap.png
  artifactKey: Guid(22b972c7e0e5c2c418502d19af31c808) Importer(815301076,1909f56bfc062723c751e8b465ee728b)
Start importing Assets/Other Outside Environment/Tilemap/tilemap.png using Guid(22b972c7e0e5c2c418502d19af31c808) Importer(815301076,1909f56bfc062723c751e8b465ee728b)  -> (artifact id: '959204641742bd7a6bf13ae66e4f6807') in 0.018676 seconds
  Import took 0.023537 seconds .

========================================================================
Received Import Request.
  Time since last request: 10.328666 seconds.
  path: Assets/Other Outside Environment/Tilemap/tilemap.txt
  artifactKey: Guid(ccba271577bcadd4ba64745621fcdb60) Importer(815301076,1909f56bfc062723c751e8b465ee728b)
Start importing Assets/Other Outside Environment/Tilemap/tilemap.txt using Guid(ccba271577bcadd4ba64745621fcdb60) Importer(815301076,1909f56bfc062723c751e8b465ee728b)  -> (artifact id: 'b49df936f51fd8c352c2a16b822ce9b1') in 0.005659 seconds
  Import took 0.010965 seconds .

========================================================================
Received Import Request.
  Time since last request: 23.274845 seconds.
  path: Assets/Other Outside Environment/Sample.png
  artifactKey: Guid(003f109bb9f129c4aa7781e6a3234268) Importer(815301076,1909f56bfc062723c751e8b465ee728b)
Start importing Assets/Other Outside Environment/Sample.png using Guid(003f109bb9f129c4aa7781e6a3234268) Importer(815301076,1909f56bfc062723c751e8b465ee728b)  -> (artifact id: '94c3bff1ffaa802905684aa0bf4da14c') in 0.018919 seconds
  Import took 0.023257 seconds .

========================================================================
Received Import Request.
  Time since last request: 38.697650 seconds.
  path: Assets/Art/Outside Environment/OutsideTilePalette.prefab
  artifactKey: Guid(10d7b123ca234e74e82c92034a486b54) Importer(815301076,1909f56bfc062723c751e8b465ee728b)
Start importing Assets/Art/Outside Environment/OutsideTilePalette.prefab using Guid(10d7b123ca234e74e82c92034a486b54) Importer(815301076,1909f56bfc062723c751e8b465ee728b)  -> (artifact id: '684b638f2fbaeba374423af3373eff2f') in 0.015123 seconds
  Import took 0.020362 seconds .

========================================================================
Received Import Request.
  Time since last request: 28.167662 seconds.
  path: Assets/RPGUrbanPack/Tilemap/tilemap.png
  artifactKey: Guid(172e09809aafd324fa1e862a47627e5d) Importer(815301076,1909f56bfc062723c751e8b465ee728b)
Start importing Assets/RPGUrbanPack/Tilemap/tilemap.png using Guid(172e09809aafd324fa1e862a47627e5d) Importer(815301076,1909f56bfc062723c751e8b465ee728b)  -> (artifact id: '55d96b742b6b67342646bfee4fbda51a') in 0.025993 seconds
  Import took 0.032359 seconds .

========================================================================
Received Import Request.
  Time since last request: 6.545158 seconds.
  path: Assets/RPGUrbanPack/Tilemap/tilemap.png
  artifactKey: Guid(172e09809aafd324fa1e862a47627e5d) Importer(815301076,1909f56bfc062723c751e8b465ee728b)
Start importing Assets/RPGUrbanPack/Tilemap/tilemap.png using Guid(172e09809aafd324fa1e862a47627e5d) Importer(815301076,1909f56bfc062723c751e8b465ee728b)  -> (artifact id: '06363f841d6d17b4567865854f4c8e72') in 0.021219 seconds
  Import took 0.025306 seconds .

========================================================================
Received Import Request.
  Time since last request: 9.503989 seconds.
  path: Assets/RPGUrbanPack/Tilemap/tilemap.png
  artifactKey: Guid(172e09809aafd324fa1e862a47627e5d) Importer(815301076,1909f56bfc062723c751e8b465ee728b)
Start importing Assets/RPGUrbanPack/Tilemap/tilemap.png using Guid(172e09809aafd324fa1e862a47627e5d) Importer(815301076,1909f56bfc062723c751e8b465ee728b)  -> (artifact id: 'f24f7c7abe0f5473ad478d6945c38982') in 0.784156 seconds
  Import took 0.791959 seconds .

========================================================================
Received Import Request.
  Time since last request: 1559.838415 seconds.
  path: Assets/Other Outside Environment/Preview.png
  artifactKey: Guid(b8d34e52721ca274dba92f9490338210) Importer(815301076,1909f56bfc062723c751e8b465ee728b)
Start importing Assets/Other Outside Environment/Preview.png using Guid(b8d34e52721ca274dba92f9490338210) Importer(815301076,1909f56bfc062723c751e8b465ee728b)  -> (artifact id: 'b7b22a3824cea1fd271d6d4ccface1f9') in 0.020314 seconds
  Import took 0.024960 seconds .

========================================================================
Received Import Request.
  Time since last request: 33.487316 seconds.
  path: Assets/Art/Outside Environment/Spritesheet/roguelikeCity_magenta.png
  artifactKey: Guid(ccb94b954fa6a154ebf59cee1cef2c5e) Importer(815301076,1909f56bfc062723c751e8b465ee728b)
Start importing Assets/Art/Outside Environment/Spritesheet/roguelikeCity_magenta.png using Guid(ccb94b954fa6a154ebf59cee1cef2c5e) Importer(815301076,1909f56bfc062723c751e8b465ee728b)  -> (artifact id: 'fcde67eda303ee8495f4d9236d70899e') in 1.653232 seconds
  Import took 1.663293 seconds .

========================================================================
Received Import Request.
  Time since last request: 324.559138 seconds.
  path: Assets/Art/Outside Environment/Spritesheet/Tiles
  artifactKey: Guid(a59db53e497085e4fa28c0c9b4a8e910) Importer(815301076,1909f56bfc062723c751e8b465ee728b)
Start importing Assets/Art/Outside Environment/Spritesheet/Tiles using Guid(a59db53e497085e4fa28c0c9b4a8e910) Importer(815301076,1909f56bfc062723c751e8b465ee728b)  -> (artifact id: '8b670803c44c43a9812af1d53ef27c76') in 0.005781 seconds
  Import took 0.010465 seconds .

========================================================================
Received Import Request.
  Time since last request: 4.400127 seconds.
  path: Assets/Art/Outside Environment/Spritesheet/roguelikeCity_magenta_822.asset
  artifactKey: Guid(02790ebea543c9447a7a4f3705107742) Importer(815301076,1909f56bfc062723c751e8b465ee728b)
Start importing Assets/Art/Outside Environment/Spritesheet/roguelikeCity_magenta_822.asset using Guid(02790ebea543c9447a7a4f3705107742) Importer(815301076,1909f56bfc062723c751e8b465ee728b)  -> (artifact id: '91fd6a289ddd59c2dab43f1eb7e38e30') in 0.018428 seconds
  Import took 0.022303 seconds .

========================================================================
Received Import Request.
  Time since last request: 0.163667 seconds.
  path: Assets/Art/Outside Environment/Spritesheet/roguelikeCity_magenta_822.asset
  artifactKey: Guid(02790ebea543c9447a7a4f3705107742) Importer(815301076,1909f56bfc062723c751e8b465ee728b)
Start importing Assets/Art/Outside Environment/Spritesheet/roguelikeCity_magenta_822.asset using Guid(02790ebea543c9447a7a4f3705107742) Importer(815301076,1909f56bfc062723c751e8b465ee728b)  -> (artifact id: '91fd6a289ddd59c2dab43f1eb7e38e30') in 0.010465 seconds
  Import took 0.014457 seconds .

========================================================================
Received Import Request.
  Time since last request: 37.060368 seconds.
  path: Assets/Universal Spritesheet Generator
  artifactKey: Guid(65c044ca11f3abc44a6ed621b8165594) Importer(815301076,1909f56bfc062723c751e8b465ee728b)
Start importing Assets/Universal Spritesheet Generator using Guid(65c044ca11f3abc44a6ed621b8165594) Importer(815301076,1909f56bfc062723c751e8b465ee728b)  -> (artifact id: '1543e867034fc163ef94597f790b6303') in 0.009575 seconds
  Import took 0.013659 seconds .

========================================================================
Received Import Request.
  Time since last request: 23.143078 seconds.
  path: Assets/Audio
  artifactKey: Guid(660beda926e6e454ea491cc69e30d16c) Importer(815301076,1909f56bfc062723c751e8b465ee728b)
Start importing Assets/Audio using Guid(660beda926e6e454ea491cc69e30d16c) Importer(815301076,1909f56bfc062723c751e8b465ee728b)  -> (artifact id: '442e3d44006831ae166374538c8e9fa0') in 0.010284 seconds
  Import took 0.014469 seconds .

========================================================================
Received Import Request.
  Time since last request: 7.500546 seconds.
  path: Assets/Audio/Ambient
  artifactKey: Guid(77cf329f96f41b3428c28f2e689db8c9) Importer(815301076,1909f56bfc062723c751e8b465ee728b)
Start importing Assets/Audio/Ambient using Guid(77cf329f96f41b3428c28f2e689db8c9) Importer(815301076,1909f56bfc062723c751e8b465ee728b)  -> (artifact id: 'ceb5db3c8080704239375d8b8d9f7f44') in 0.010402 seconds
  Import took 0.014454 seconds .

========================================================================
Received Import Request.
  Time since last request: 3.855276 seconds.
  path: Assets/Audio/Event
  artifactKey: Guid(bb29d06ad62f2e24484ba2d0a3fd9f07) Importer(815301076,1909f56bfc062723c751e8b465ee728b)
Start importing Assets/Audio/Event using Guid(bb29d06ad62f2e24484ba2d0a3fd9f07) Importer(815301076,1909f56bfc062723c751e8b465ee728b)  -> (artifact id: '97478340da691f46785a21a3e475a8be') in 0.011129 seconds
  Import took 0.015132 seconds .

========================================================================
Received Prepare
Registering precompiled user dll's ...
Registered in 0.002171 seconds.
Begin MonoManager ReloadAssembly
Native extension for WindowsStandalone target not found
Native extension for OSXStandalone target not found
Native extension for WebGL target not found
Refreshing native plugins compatible for Editor in 0.75 ms, found 1 plugins.
Preloading 0 native plugins for Editor in 0.00 ms.
Mono: successfully reloaded assembly
- Completed reload, in  1.702 seconds
Platform modules already initialized, skipping
Refreshing native plugins compatible for Editor in 0.83 ms, found 1 plugins.
Preloading 0 native plugins for Editor in 0.00 ms.
Unloading 1809 Unused Serialized files (Serialized files now loaded: 0)
System memory in use before: 95.0 MB.
System memory in use after: 95.0 MB.

Unloading 12 unused Assets to reduce memory usage. Loaded Objects now: 2290.
Total: 2.335900 ms (FindLiveObjects: 0.206200 ms CreateObjectMapping: 0.082300 ms MarkObjects: 1.912900 ms  DeleteObjects: 0.133200 ms)

========================================================================
Received Import Request.
  Time since last request: 386.203966 seconds.
  path: Assets/Art/Outside Environment/Spritesheet/roguelikeCity_magenta.png
  artifactKey: Guid(ccb94b954fa6a154ebf59cee1cef2c5e) Importer(815301076,1909f56bfc062723c751e8b465ee728b)
Start importing Assets/Art/Outside Environment/Spritesheet/roguelikeCity_magenta.png using Guid(ccb94b954fa6a154ebf59cee1cef2c5e) Importer(815301076,1909f56bfc062723c751e8b465ee728b)  -> (artifact id: '96592ed28a27dd79d88cbbaa597605ce') in 3.342357 seconds
  Import took 3.354727 seconds .

========================================================================
Received Import Request.
  Time since last request: 150.577562 seconds.
  path: Assets/Art/Outside Environment/Spritesheet/roguelikeCity_magenta.png
  artifactKey: Guid(ccb94b954fa6a154ebf59cee1cef2c5e) Importer(815301076,1909f56bfc062723c751e8b465ee728b)
Start importing Assets/Art/Outside Environment/Spritesheet/roguelikeCity_magenta.png using Guid(ccb94b954fa6a154ebf59cee1cef2c5e) Importer(815301076,1909f56bfc062723c751e8b465ee728b)  -> (artifact id: 'd0177855bf067fe21259d6eabdb1ae0b') in 2.438144 seconds
  Import took 2.451196 seconds .

========================================================================
Received Import Request.
  Time since last request: 45.005097 seconds.
  path: Assets/Art/Outside Environment/Spritesheet/roguelikeCity_magenta.png
  artifactKey: Guid(ccb94b954fa6a154ebf59cee1cef2c5e) Importer(815301076,1909f56bfc062723c751e8b465ee728b)
Start importing Assets/Art/Outside Environment/Spritesheet/roguelikeCity_magenta.png using Guid(ccb94b954fa6a154ebf59cee1cef2c5e) Importer(815301076,1909f56bfc062723c751e8b465ee728b)  -> (artifact id: 'd3d8796e3e4a5f52255bf794bbd6dc65') in 1.627191 seconds
  Import took 1.637122 seconds .

========================================================================
Received Import Request.
  Time since last request: 26.642456 seconds.
  path: Assets/Art/Outside Environment/Spritesheet/roguelikeCity_magenta.png
  artifactKey: Guid(ccb94b954fa6a154ebf59cee1cef2c5e) Importer(815301076,1909f56bfc062723c751e8b465ee728b)
Start importing Assets/Art/Outside Environment/Spritesheet/roguelikeCity_magenta.png using Guid(ccb94b954fa6a154ebf59cee1cef2c5e) Importer(815301076,1909f56bfc062723c751e8b465ee728b)  -> (artifact id: 'ce0149b0ba1a5bf3b0ae5c4b693d73ae') in 1.872076 seconds
  Import took 1.882149 seconds .

========================================================================
Received Prepare
Registering precompiled user dll's ...
Registered in 0.001897 seconds.
Begin MonoManager ReloadAssembly
Native extension for WindowsStandalone target not found
Native extension for OSXStandalone target not found
Native extension for WebGL target not found
Refreshing native plugins compatible for Editor in 0.86 ms, found 1 plugins.
Preloading 0 native plugins for Editor in 0.00 ms.
Mono: successfully reloaded assembly
- Completed reload, in  1.290 seconds
Platform modules already initialized, skipping
Refreshing native plugins compatible for Editor in 0.83 ms, found 1 plugins.
Preloading 0 native plugins for Editor in 0.00 ms.
Unloading 1809 Unused Serialized files (Serialized files now loaded: 0)
System memory in use before: 95.5 MB.
System memory in use after: 95.5 MB.

Unloading 12 unused Assets to reduce memory usage. Loaded Objects now: 2295.
Total: 2.519300 ms (FindLiveObjects: 0.222600 ms CreateObjectMapping: 0.078200 ms MarkObjects: 2.063000 ms  DeleteObjects: 0.154300 ms)

========================================================================
Received Import Request.
  Time since last request: 1015.819929 seconds.
  path: Assets/Prefabs/Player.prefab
  artifactKey: Guid(22edd83cd31b34b4692b12c57ae27795) Importer(815301076,1909f56bfc062723c751e8b465ee728b)
Start importing Assets/Prefabs/Player.prefab using Guid(22edd83cd31b34b4692b12c57ae27795) Importer(815301076,1909f56bfc062723c751e8b465ee728b)  -> (artifact id: 'e6423f7bb430d12bbd151353589149d7') in 0.088410 seconds
  Import took 0.093792 seconds .

========================================================================
Received Import Request.
  Time since last request: 5.905465 seconds.
  path: Assets/Scenes/Outside.unity
  artifactKey: Guid(018e50750f6174c4bab2e7ada1bb2b1b) Importer(815301076,1909f56bfc062723c751e8b465ee728b)
Start importing Assets/Scenes/Outside.unity using Guid(018e50750f6174c4bab2e7ada1bb2b1b) Importer(815301076,1909f56bfc062723c751e8b465ee728b)  -> (artifact id: 'a671d86011a2dbee4943176efbb10601') in 0.010516 seconds
  Import took 0.014687 seconds .

========================================================================
Received Import Request.
  Time since last request: 8054.871136 seconds.
  path: Assets/Scenes/ClothingStore.unity
  artifactKey: Guid(2cda990e2423bbf4892e6590ba056729) Importer(815301076,1909f56bfc062723c751e8b465ee728b)
Start importing Assets/Scenes/ClothingStore.unity using Guid(2cda990e2423bbf4892e6590ba056729) Importer(815301076,1909f56bfc062723c751e8b465ee728b)  -> (artifact id: '9375b5bcb545ae0fcdd1845a45bc64c0') in 0.011204 seconds
  Import took 0.017859 seconds .

========================================================================
Received Import Request.
  Time since last request: 1666.777830 seconds.
  path: Assets/Scripts/ExitDoor.cs
  artifactKey: Guid(c5f763fb50245a444996c163c0b13b65) Importer(815301076,1909f56bfc062723c751e8b465ee728b)
Start importing Assets/Scripts/ExitDoor.cs using Guid(c5f763fb50245a444996c163c0b13b65) Importer(815301076,1909f56bfc062723c751e8b465ee728b)  -> (artifact id: 'f213d29b3b3d0b388b2cd21fe575a7e0') in 0.029691 seconds
  Import took 0.036666 seconds .

========================================================================
Received Prepare
Registering precompiled user dll's ...
Registered in 0.002636 seconds.
Begin MonoManager ReloadAssembly
Native extension for WindowsStandalone target not found
Native extension for OSXStandalone target not found
Native extension for WebGL target not found
Refreshing native plugins compatible for Editor in 1.06 ms, found 1 plugins.
Preloading 0 native plugins for Editor in 0.00 ms.
Mono: successfully reloaded assembly
- Completed reload, in  1.499 seconds
Platform modules already initialized, skipping
Refreshing native plugins compatible for Editor in 0.74 ms, found 1 plugins.
Preloading 0 native plugins for Editor in 0.00 ms.
Unloading 1810 Unused Serialized files (Serialized files now loaded: 0)
System memory in use before: 95.6 MB.
System memory in use after: 95.6 MB.

Unloading 12 unused Assets to reduce memory usage. Loaded Objects now: 2305.
Total: 8.382200 ms (FindLiveObjects: 0.242800 ms CreateObjectMapping: 0.137200 ms MarkObjects: 7.826400 ms  DeleteObjects: 0.174000 ms)

========================================================================
Received Prepare
Registering precompiled user dll's ...
Registered in 0.001882 seconds.
Begin MonoManager ReloadAssembly
Native extension for WindowsStandalone target not found
Native extension for OSXStandalone target not found
Native extension for WebGL target not found
Refreshing native plugins compatible for Editor in 0.69 ms, found 1 plugins.
Preloading 0 native plugins for Editor in 0.00 ms.
Mono: successfully reloaded assembly
- Completed reload, in  1.317 seconds
Platform modules already initialized, skipping
Refreshing native plugins compatible for Editor in 0.73 ms, found 1 plugins.
Preloading 0 native plugins for Editor in 0.00 ms.
Unloading 1810 Unused Serialized files (Serialized files now loaded: 0)
System memory in use before: 95.6 MB.
System memory in use after: 95.6 MB.

Unloading 12 unused Assets to reduce memory usage. Loaded Objects now: 2309.
Total: 3.182400 ms (FindLiveObjects: 0.366300 ms CreateObjectMapping: 0.197300 ms MarkObjects: 2.447200 ms  DeleteObjects: 0.170500 ms)

========================================================================
Received Prepare
Registering precompiled user dll's ...
Registered in 0.001880 seconds.
Begin MonoManager ReloadAssembly
Native extension for WindowsStandalone target not found
Native extension for OSXStandalone target not found
Native extension for WebGL target not found
Refreshing native plugins compatible for Editor in 1.04 ms, found 1 plugins.
Preloading 0 native plugins for Editor in 0.00 ms.
Mono: successfully reloaded assembly
- Completed reload, in  1.479 seconds
Platform modules already initialized, skipping
Refreshing native plugins compatible for Editor in 0.72 ms, found 1 plugins.
Preloading 0 native plugins for Editor in 0.00 ms.
Unloading 1810 Unused Serialized files (Serialized files now loaded: 0)
System memory in use before: 95.6 MB.
System memory in use after: 95.6 MB.

Unloading 12 unused Assets to reduce memory usage. Loaded Objects now: 2313.
Total: 2.486100 ms (FindLiveObjects: 0.205800 ms CreateObjectMapping: 0.096600 ms MarkObjects: 2.040400 ms  DeleteObjects: 0.142200 ms)

========================================================================
Received Prepare
Registering precompiled user dll's ...
Registered in 0.002124 seconds.
Begin MonoManager ReloadAssembly
Native extension for WindowsStandalone target not found
Native extension for OSXStandalone target not found
Native extension for WebGL target not found
Refreshing native plugins compatible for Editor in 0.81 ms, found 1 plugins.
Preloading 0 native plugins for Editor in 0.00 ms.
Mono: successfully reloaded assembly
- Completed reload, in  1.392 seconds
Platform modules already initialized, skipping
Refreshing native plugins compatible for Editor in 0.75 ms, found 1 plugins.
Preloading 0 native plugins for Editor in 0.00 ms.
Unloading 1810 Unused Serialized files (Serialized files now loaded: 0)
System memory in use before: 95.6 MB.
System memory in use after: 95.6 MB.

Unloading 12 unused Assets to reduce memory usage. Loaded Objects now: 2317.
Total: 2.597500 ms (FindLiveObjects: 0.215400 ms CreateObjectMapping: 0.080000 ms MarkObjects: 2.155800 ms  DeleteObjects: 0.144600 ms)

========================================================================
Received Import Request.
  Time since last request: 183.418474 seconds.
  path: Assets/Scenes/Outside.unity
  artifactKey: Guid(018e50750f6174c4bab2e7ada1bb2b1b) Importer(815301076,1909f56bfc062723c751e8b465ee728b)
Start importing Assets/Scenes/Outside.unity using Guid(018e50750f6174c4bab2e7ada1bb2b1b) Importer(815301076,1909f56bfc062723c751e8b465ee728b)  -> (artifact id: '74359f7a7ef33d6b83b96b00bb1a03cc') in 0.027796 seconds
  Import took 0.032374 seconds .

========================================================================
Received Import Request.
  Time since last request: 908.425524 seconds.
  path: Assets/Scenes/ClothingStore.unity
  artifactKey: Guid(2cda990e2423bbf4892e6590ba056729) Importer(815301076,1909f56bfc062723c751e8b465ee728b)
Start importing Assets/Scenes/ClothingStore.unity using Guid(2cda990e2423bbf4892e6590ba056729) Importer(815301076,1909f56bfc062723c751e8b465ee728b)  -> (artifact id: 'b8b1a2b4b723b063243129c6832ec534') in 0.006229 seconds
  Import took 0.011836 seconds .

========================================================================
Received Import Request.
  Time since last request: 107.931632 seconds.
  path: Assets/Art/Inside Environment
  artifactKey: Guid(7c0d2431b838a6046b38159263f90d1f) Importer(815301076,1909f56bfc062723c751e8b465ee728b)
Start importing Assets/Art/Inside Environment using Guid(7c0d2431b838a6046b38159263f90d1f) Importer(815301076,1909f56bfc062723c751e8b465ee728b)  -> (artifact id: '49c6b371f165a24c6e5c42f5446602b6') in 0.012168 seconds
  Import took 0.017844 seconds .

========================================================================
Received Import Request.
  Time since last request: 6.607189 seconds.
  path: Assets/Art/Inside Environment/Tileset
  artifactKey: Guid(e23c7a8a94970f24a83f3081a50efc08) Importer(815301076,1909f56bfc062723c751e8b465ee728b)
Start importing Assets/Art/Inside Environment/Tileset using Guid(e23c7a8a94970f24a83f3081a50efc08) Importer(815301076,1909f56bfc062723c751e8b465ee728b)  -> (artifact id: 'bade073bb9ba7ecd42f7191eaaca234f') in 0.010418 seconds
  Import took 0.014687 seconds .

========================================================================
Received Import Request.
  Time since last request: 1.391742 seconds.
  path: Assets/Art/Inside Environment/Tileset/tile_palette.prefab
  artifactKey: Guid(1efa56cf4930ee3418cb504932e7b7ad) Importer(815301076,1909f56bfc062723c751e8b465ee728b)
Start importing Assets/Art/Inside Environment/Tileset/tile_palette.prefab using Guid(1efa56cf4930ee3418cb504932e7b7ad) Importer(815301076,1909f56bfc062723c751e8b465ee728b)  -> (artifact id: '236ff20a67bfd96881cb69f052327ec3') in 0.037239 seconds
  Import took 0.042384 seconds .

========================================================================
Received Prepare
Registering precompiled user dll's ...
Registered in 0.001725 seconds.
Begin MonoManager ReloadAssembly
Native extension for WindowsStandalone target not found
Native extension for OSXStandalone target not found
Native extension for WebGL target not found
Refreshing native plugins compatible for Editor in 0.98 ms, found 1 plugins.
Preloading 0 native plugins for Editor in 0.00 ms.
Mono: successfully reloaded assembly
- Completed reload, in  1.265 seconds
Platform modules already initialized, skipping
Refreshing native plugins compatible for Editor in 0.82 ms, found 1 plugins.
Preloading 0 native plugins for Editor in 0.00 ms.
Unloading 1810 Unused Serialized files (Serialized files now loaded: 0)
System memory in use before: 95.7 MB.
System memory in use after: 95.7 MB.

Unloading 12 unused Assets to reduce memory usage. Loaded Objects now: 2321.
Total: 2.599700 ms (FindLiveObjects: 0.216100 ms CreateObjectMapping: 0.085300 ms MarkObjects: 2.131800 ms  DeleteObjects: 0.165600 ms)

========================================================================
Received Prepare
Registering precompiled user dll's ...
Registered in 0.001809 seconds.
Begin MonoManager ReloadAssembly
Native extension for WindowsStandalone target not found
Native extension for OSXStandalone target not found
Native extension for WebGL target not found
Refreshing native plugins compatible for Editor in 0.73 ms, found 1 plugins.
Preloading 0 native plugins for Editor in 0.00 ms.
Mono: successfully reloaded assembly
- Completed reload, in  1.356 seconds
Platform modules already initialized, skipping
Refreshing native plugins compatible for Editor in 1.02 ms, found 1 plugins.
Preloading 0 native plugins for Editor in 0.00 ms.
Unloading 1810 Unused Serialized files (Serialized files now loaded: 0)
System memory in use before: 95.7 MB.
System memory in use after: 95.7 MB.

Unloading 12 unused Assets to reduce memory usage. Loaded Objects now: 2325.
Total: 3.176100 ms (FindLiveObjects: 0.316700 ms CreateObjectMapping: 0.184600 ms MarkObjects: 2.495200 ms  DeleteObjects: 0.178300 ms)

========================================================================
Received Prepare
Registering precompiled user dll's ...
Registered in 0.001897 seconds.
Begin MonoManager ReloadAssembly
Native extension for WindowsStandalone target not found
Native extension for OSXStandalone target not found
Native extension for WebGL target not found
Refreshing native plugins compatible for Editor in 0.70 ms, found 1 plugins.
Preloading 0 native plugins for Editor in 0.00 ms.
Mono: successfully reloaded assembly
- Completed reload, in  1.229 seconds
Platform modules already initialized, skipping
Refreshing native plugins compatible for Editor in 0.88 ms, found 1 plugins.
Preloading 0 native plugins for Editor in 0.00 ms.
Unloading 1810 Unused Serialized files (Serialized files now loaded: 0)
System memory in use before: 95.7 MB.
System memory in use after: 95.7 MB.

Unloading 12 unused Assets to reduce memory usage. Loaded Objects now: 2329.
Total: 2.451900 ms (FindLiveObjects: 0.194100 ms CreateObjectMapping: 0.083200 ms MarkObjects: 2.044600 ms  DeleteObjects: 0.128800 ms)

========================================================================
Received Import Request.
  Time since last request: 201.302043 seconds.
  path: Assets/Prefabs/Player.prefab
  artifactKey: Guid(22edd83cd31b34b4692b12c57ae27795) Importer(815301076,1909f56bfc062723c751e8b465ee728b)
Start importing Assets/Prefabs/Player.prefab using Guid(22edd83cd31b34b4692b12c57ae27795) Importer(815301076,1909f56bfc062723c751e8b465ee728b)  -> (artifact id: 'abdd3e2e4cbfc103e65ca46214cbb26c') in 0.085309 seconds
  Import took 0.090583 seconds .

========================================================================
Received Import Request.
  Time since last request: 16.877051 seconds.
  path: Assets/Scenes/Outside.unity
  artifactKey: Guid(018e50750f6174c4bab2e7ada1bb2b1b) Importer(815301076,1909f56bfc062723c751e8b465ee728b)
Start importing Assets/Scenes/Outside.unity using Guid(018e50750f6174c4bab2e7ada1bb2b1b) Importer(815301076,1909f56bfc062723c751e8b465ee728b)  -> (artifact id: '58dc2b54dc03dca0e02f0b9e0f94f20d') in 0.008831 seconds
  Import took 0.013805 seconds .

========================================================================
Received Prepare
Registering precompiled user dll's ...
Registered in 0.002277 seconds.
Begin MonoManager ReloadAssembly
Native extension for WindowsStandalone target not found
Native extension for OSXStandalone target not found
Native extension for WebGL target not found
Refreshing native plugins compatible for Editor in 0.74 ms, found 1 plugins.
Preloading 0 native plugins for Editor in 0.00 ms.
Mono: successfully reloaded assembly
- Completed reload, in  1.483 seconds
Platform modules already initialized, skipping
Refreshing native plugins compatible for Editor in 0.86 ms, found 1 plugins.
Preloading 0 native plugins for Editor in 0.00 ms.
Unloading 1810 Unused Serialized files (Serialized files now loaded: 0)
System memory in use before: 95.8 MB.
System memory in use after: 95.7 MB.

Unloading 12 unused Assets to reduce memory usage. Loaded Objects now: 2334.
Total: 3.388700 ms (FindLiveObjects: 0.268600 ms CreateObjectMapping: 0.106600 ms MarkObjects: 2.835200 ms  DeleteObjects: 0.176800 ms)

========================================================================
Received Import Request.
  Time since last request: 487.361055 seconds.
  path: Assets/Scripts/EnterDoor.cs
  artifactKey: Guid(9c381ec2f9eea33459929ab0846b29b2) Importer(815301076,1909f56bfc062723c751e8b465ee728b)
Start importing Assets/Scripts/EnterDoor.cs using Guid(9c381ec2f9eea33459929ab0846b29b2) Importer(815301076,1909f56bfc062723c751e8b465ee728b)  -> (artifact id: '586e7316310dd78816f166fcd36292c8') in 0.053938 seconds
  Import took 0.073008 seconds .

========================================================================
Received Prepare
Registering precompiled user dll's ...
Registered in 0.001850 seconds.
Begin MonoManager ReloadAssembly
Native extension for WindowsStandalone target not found
Native extension for OSXStandalone target not found
Native extension for WebGL target not found
Refreshing native plugins compatible for Editor in 0.74 ms, found 1 plugins.
Preloading 0 native plugins for Editor in 0.00 ms.
Mono: successfully reloaded assembly
- Completed reload, in  1.284 seconds
Platform modules already initialized, skipping
Refreshing native plugins compatible for Editor in 0.98 ms, found 1 plugins.
Preloading 0 native plugins for Editor in 0.00 ms.
Unloading 1811 Unused Serialized files (Serialized files now loaded: 0)
System memory in use before: 95.8 MB.
System memory in use after: 95.8 MB.

Unloading 12 unused Assets to reduce memory usage. Loaded Objects now: 2339.
Total: 2.974800 ms (FindLiveObjects: 0.199900 ms CreateObjectMapping: 0.076600 ms MarkObjects: 2.507500 ms  DeleteObjects: 0.189300 ms)

========================================================================
Received Prepare
Registering precompiled user dll's ...
Registered in 0.001763 seconds.
Begin MonoManager ReloadAssembly
Native extension for WindowsStandalone target not found
Native extension for OSXStandalone target not found
Native extension for WebGL target not found
Refreshing native plugins compatible for Editor in 0.76 ms, found 1 plugins.
Preloading 0 native plugins for Editor in 0.00 ms.
Mono: successfully reloaded assembly
- Completed reload, in  1.193 seconds
Platform modules already initialized, skipping
Refreshing native plugins compatible for Editor in 0.80 ms, found 1 plugins.
Preloading 0 native plugins for Editor in 0.00 ms.
Unloading 1811 Unused Serialized files (Serialized files now loaded: 0)
System memory in use before: 95.8 MB.
System memory in use after: 95.8 MB.

Unloading 12 unused Assets to reduce memory usage. Loaded Objects now: 2343.
Total: 3.057000 ms (FindLiveObjects: 0.186500 ms CreateObjectMapping: 0.095100 ms MarkObjects: 2.621900 ms  DeleteObjects: 0.152200 ms)

